BRM_016 Axe Flinger Blackrock Mountain
BRM_034 Blackwing Corruptor Blackrock Mountain
BRM_033 Blackwing Technician Blackrock Mountain
BRM_031 Chromaggus Blackrock Mountain
BRM_014 Core Rager Blackrock Mountain
BRM_008 Dark Iron Skulker Blackrock Mountain
BRM_005 Demonwrath Blackrock Mountain
BRM_018 Dragon Consort Blackrock Mountain
BRM_022 Dragon Egg Blackrock Mountain
BRM_003 Dragon's Breath Blackrock Mountain
BRM_020 Dragonkin Sorcerer Blackrock Mountain
BRM_024 Drakonid Crusher Blackrock Mountain
BRM_010 Druid of the Flame Blackrock Mountain
BRM_028 Emperor Thaurissan Blackrock Mountain
BRM_012 Fireguard Destroyer Blackrock Mountain
BRM_002 Flamewaker Blackrock Mountain
BRM_007 Gang Up Blackrock Mountain
BRM_019 Grim Patron Blackrock Mountain
BRM_026 Hungry Dragon Blackrock Mountain
BRM_006 Imp Gang Boss Blackrock Mountain
BRM_011 Lava Shock Blackrock Mountain
BRM_027 Majordomo Executus Blackrock Mountain
BRM_030 Nefarian Blackrock Mountain
BRM_013 Quick Shot Blackrock Mountain
BRM_029 Rend Blackhand Blackrock Mountain
BRM_017 Resurrect Blackrock Mountain
BRM_015 Revenge Blackrock Mountain
BRM_001 Solemn Vigil Blackrock Mountain
BRM_004 Twilight Whelp Blackrock Mountain
BRM_025 Volcanic Drake Blackrock Mountain
BRM_009 Volcanic Lumberer Blackrock Mountain
LOE_110 Ancient Shade League of Explorers
LOE_119 Animated Armor League of Explorers
LOE_061 Anubisath Sentinel League of Explorers
LOE_026 Anyfin Can Happen League of Explorers
LOE_092 Arch-Thief Rafaam League of Explorers
LOE_077 Brann Bronzebeard League of Explorers
LOE_007 Curse of Rafaam League of Explorers
LOE_118 Cursed Blade League of Explorers
LOE_023 Dark Peddler League of Explorers
LOE_021 Dart Trap League of Explorers
LOE_020 Desert Camel League of Explorers
LOE_053 Djinni of Zephyrs League of Explorers
LOE_107 Eerie Statue League of Explorers
LOE_079 Elise Starseeker League of Explorers
LOE_104 Entomb League of Explorers
LOE_003 Ethereal Conjurer League of Explorers
LOE_113 Everyfin is Awesome League of Explorers
LOE_111 Excavated Evil League of Explorers
LOE_105 Explorer's Hat League of Explorers
LOE_022 Fierce Monkey League of Explorers
LOE_002 Forgotten Torch League of Explorers
LOE_073 Fossilized Devilsaur League of Explorers
LOE_039 Gorillabot A-3 League of Explorers
LOE_046 Huge Toad League of Explorers
LOE_029 Jeweled Scarab League of Explorers
LOE_051 Jungle Moonkin League of Explorers
LOE_017 Keeper of Uldaman League of Explorers
LOE_050 Mounted Raptor League of Explorers
LOEA10_3 Murloc Tinyfin League of Explorers
LOE_006 Museum Curator League of Explorers
LOE_038 Naga Sea Witch League of Explorers
LOE_009 Obsidian Destroyer League of Explorers
LOE_010 Pit Snake League of Explorers
LOE_115 Raven Idol League of Explorers
LOE_116 Reliquary Seeker League of Explorers
LOE_011 Reno Jackson League of Explorers
LOE_016 Rumbling Elemental League of Explorers
LOE_027 Sacred Trial League of Explorers
LOE_076 Sir Finley Mrrgglton League of Explorers
LOE_086 Summoning Stone League of Explorers
LOE_012 Tomb Pillager League of Explorers
LOE_047 Tomb Spider League of Explorers
LOE_018 Tunnel Trogg League of Explorers
LOE_019 Unearthed Raptor League of Explorers
LOE_089 Wobbling Runts League of Explorers
EX1_066 Acidic Swamp Ooze Basic
CS2_041 Ancestral Healing Basic
NEW1_031 Animal Companion Basic
CS2_025 Arcane Explosion Basic
CS2_023 Arcane Intellect Basic
EX1_277 Arcane Missiles Basic
DS1_185 Arcane Shot Basic
CS2_112 Arcanite Reaper Basic
CS2_155 Archmage Basic
CS2_080 Assassin's Blade Basic
CS2_076 Assassinate Basic
CS2_072 Backstab Basic
CS2_092 Blessing of Kings Basic
CS2_087 Blessing of Might Basic
CS2_172 Bloodfen Raptor Basic
CS2_046 Bloodlust Basic
CS2_173 Bluegill Warrior Basic
CS2_187 Booty Bay Bodyguard Basic
CS2_200 Boulderfist Ogre Basic
CS2_103 Charge Basic
CS2_182 Chillwind Yeti Basic
CS2_005 Claw Basic
CS2_114 Cleave Basic
CS2_093 Consecration Basic
CS2_201 Core Hound Basic
CS2_063 Corruption Basic
EX1_582 Dalaran Mage Basic
DS1_055 Darkscale Healer Basic
CS2_074 Deadly Poison Basic
CS2_236 Divine Spirit Basic
EX1_025 Dragonling Mechanic Basic
CS2_061 Drain Life Basic
CS2_064 Dread Infernal Basic
CS2_189 Elven Archer Basic
CS2_108 Execute Basic
EX1_129 Fan of Knives Basic
CS2_106 Fiery War Axe Basic
CS2_042 Fire Elemental Basic
CS2_029 Fireball Basic
CS2_032 Flamestrike Basic
EX1_565 Flametongue Totem Basic
CS2_026 Frost Nova Basic
CS2_037 Frost Shock Basic
CS2_024 Frostbolt Basic
CS2_121 Frostwolf Grunt Basic
CS2_226 Frostwolf Warlord Basic
CS2_147 Gnomish Inventor Basic
CS1_042 Goldshire Footman Basic
EX1_508 Grimscale Oracle Basic
CS2_088 Guardian of Kings Basic
EX1_399 Gurubashi Berserker Basic
CS2_094 Hammer of Wrath Basic
EX1_371 Hand of Protection Basic
CS2_007 Healing Touch Basic
CS2_062 Hellfire Basic
CS2_105 Heroic Strike Basic
EX1_246 Hex Basic
CS2_089 Holy Light Basic
CS1_112 Holy Nova Basic
CS1_130 Holy Smite Basic
DS1_070 Houndmaster Basic
EX1_360 Humility Basic
CS2_084 Hunter's Mark Basic
EX1_169 Innervate Basic
CS2_232 Ironbark Protector Basic
CS2_141 Ironforge Rifleman Basic
CS2_125 Ironfur Grizzly Basic
EX1_539 Kill Command Basic
CS2_142 Kobold Geomancer Basic
NEW1_011 Kor'kron Elite Basic
CS2_091 Light's Justice Basic
CS2_162 Lord of the Arena Basic
CS2_118 Magma Rager Basic
CS2_009 Mark of the Wild Basic
DS1_233 Mind Blast Basic
CS1_113 Mind Control Basic
CS2_003 Mind Vision Basic
CS2_027 Mirror Image Basic
CS2_008 Moonfire Basic
EX1_302 Mortal Coil Basic
DS1_183 Multi-Shot Basic
CS2_168 Murloc Raider Basic
EX1_506 Murloc Tidehunter Basic
EX1_593 Nightblade Basic
CS2_235 Northshire Cleric Basic
EX1_015 Novice Engineer Basic
CS2_119 Oasis Snapjaw Basic
CS2_197 Ogre Magi Basic
CS2_022 Polymorph Basic
CS2_004 Power Word: Shield Basic
CS2_122 Raid Leader Basic
CS2_196 Razorfen Hunter Basic
CS2_213 Reckless Rocketeer Basic
CS2_120 River Crocolisk Basic
CS2_045 Rockbiter Weapon Basic
NEW1_003 Sacrificial Pact Basic
EX1_581 Sap Basic
CS2_011 Savage Roar Basic
CS2_179 Sen'jin Shieldmasta Basic
CS2_057 Shadow Bolt Basic
EX1_622 Shadow Word: Death Basic
CS2_234 Shadow Word: Pain Basic
EX1_019 Shattered Sun Cleric Basic
EX1_606 Shield Block Basic
EX1_278 Shiv Basic
CS2_127 Silverback Patriarch Basic
CS2_075 Sinister Strike Basic
EX1_308 Soulfire Basic
CS2_077 Sprint Basic
EX1_173 Starfire Basic
CS2_237 Starving Buzzard Basic
CS2_171 Stonetusk Boar Basic
CS2_150 Stormpike Commando Basic
CS2_222 Stormwind Champion Basic
CS2_131 Stormwind Knight Basic
EX1_306 Succubus Basic
CS2_012 Swipe Basic
DS1_175 Timber Wolf Basic
EX1_244 Totemic Might Basic
DS1_184 Tracking Basic
CS2_097 Truesilver Champion Basic
DS1_178 Tundra Rhino Basic
NEW1_004 Vanish Basic
CS2_065 Voidwalker Basic
EX1_011 Voodoo Doctor Basic
CS2_186 War Golem Basic
EX1_084 Warsong Commander Basic
CS2_033 Water Elemental Basic
EX1_400 Whirlwind Basic
CS2_013 Wild Growth Basic
CS2_039 Windfury Basic
EX1_587 Windspeaker Basic
CS2_124 Wolfrider Basic
EX1_097 Abomination Classic
CS2_188 Abusive Sergeant Classic
EX1_007 Acolyte of Pain Classic
NEW1_010 Al'Akir the Windlord Classic
EX1_006 Alarm-o-Bot Classic
EX1_382 Aldor Peacekeeper Classic
EX1_561 Alexstrasza Classic
EX1_393 Amani Berserker Classic
CS2_038 Ancestral Spirit Classic
EX1_057 Ancient Brewmaster Classic
EX1_584 Ancient Mage Classic
NEW1_008 Ancient of Lore Classic
EX1_178 Ancient of War Classic
EX1_045 Ancient Watcher Classic
EX1_009 Angry Chicken Classic
EX1_398 Arathi Weaponsmith Classic
EX1_089 Arcane Golem Classic
EX1_559 Archmage Antonidas Classic
EX1_067 Argent Commander Classic
EX1_362 Argent Protector Classic
EX1_008 Argent Squire Classic
EX1_402 Armorsmith Classic
EX1_591 Auchenai Soulpriest Classic
EX1_384 Avenging Wrath Classic
EX1_284 Azure Drake Classic
EX1_320 Bane of Doom Classic
EX1_249 Baron Geddon Classic
EX1_392 Battle Rage Classic
EX1_549 Bestial Wrath Classic
EX1_126 Betrayal Classic
EX1_005 Big Game Hunter Classic
EX1_570 Bite Classic
CS2_233 Blade Flurry Classic
EX1_355 Blessed Champion Classic
EX1_363 Blessing of Wisdom Classic
CS2_028 Blizzard Classic
CS2_059 Blood Imp Classic
EX1_590 Blood Knight Classic
EX1_012 Bloodmage Thalnos Classic
NEW1_025 Bloodsail Corsair Classic
NEW1_018 Bloodsail Raider Classic
EX1_407 Brawl Classic
EX1_091 Cabal Shadow Priest Classic
EX1_110 Cairne Bloodhoof Classic
NEW1_024 Captain Greenskin Classic
EX1_573 Cenarius Classic
EX1_621 Circle of Healing Classic
CS2_073 Cold Blood Classic
EX1_050 Coldlight Oracle Classic
EX1_103 Coldlight Seer Classic
NEW1_036 Commanding Shout Classic
EX1_128 Conceal Classic
EX1_275 Cone of Cold Classic
EX1_287 Counterspell Classic
EX1_059 Crazed Alchemist Classic
EX1_603 Cruel Taskmaster Classic
EX1_595 Cult Master Classic
EX1_046 Dark Iron Dwarf Classic
EX1_617 Deadly Shot Classic
NEW1_030 Deathwing Classic
EX1_093 Defender of Argus Classic
EX1_131 Defias Ringleader Classic
EX1_102 Demolisher Classic
EX1_596 Demonfire Classic
EX1_162 Dire Wolf Alpha Classic
EX1_349 Divine Favor Classic
EX1_310 Doomguard Classic
EX1_567 Doomhammer Classic
NEW1_021 Doomsayer Classic
NEW1_022 Dread Corsair Classic
EX1_165 Druid of the Claw Classic
EX1_243 Dust Devil Classic
EX1_536 Eaglehorn Bow Classic
EX1_250 Earth Elemental Classic
EX1_245 Earth Shock Classic
CS2_117 Earthen Ring Farseer Classic
EX1_613 Edwin VanCleef Classic
EX1_170 Emperor Cobra Classic
EX1_619 Equality Classic
EX1_274 Ethereal Arcanist Classic
EX1_124 Eviscerate Classic
EX1_537 Explosive Shot Classic
EX1_610 Explosive Trap Classic
EX1_132 Eye for an Eye Classic
EX1_564 Faceless Manipulator Classic
NEW1_023 Faerie Dragon Classic
CS2_053 Far Sight Classic
EX1_301 Felguard Classic
CS1_069 Fen Creeper Classic
EX1_248 Feral Spirit Classic
EX1_319 Flame Imp Classic
EX1_544 Flare Classic
tt_004 Flesheating Ghoul Classic
EX1_571 Force of Nature Classic
EX1_251 Forked Lightning Classic
EX1_611 Freezing Trap Classic
EX1_283 Frost Elemental Classic
EX1_604 Frothing Berserker Classic
EX1_095 Gadgetzan Auctioneer Classic
DS1_188 Gladiator's Longbow Classic
EX1_411 Gorehowl Classic
EX1_414 Grommash Hellscream Classic
NEW1_038 Gruul Classic
EX1_558 Harrison Jones Classic
EX1_556 Harvest Golem Classic
EX1_137 Headcrack Classic
NEW1_040 Hogger Classic
EX1_624 Holy Fire Classic
EX1_365 Holy Wrath Classic
NEW1_017 Hungry Crab Classic
EX1_289 Ice Barrier Classic
EX1_295 Ice Block Classic
CS2_031 Ice Lance Classic
EX1_614 Illidan Stormrage Classic
EX1_597 Imp Master Classic
CS2_181 Injured Blademaster Classic
CS1_129 Inner Fire Classic
EX1_607 Inner Rage Classic
CS2_203 Ironbeak Owl Classic
EX1_017 Jungle Panther Classic
EX1_166 Keeper of the Grove Classic
NEW1_005 Kidnapper Classic
EX1_543 King Krush Classic
EX1_014 King Mukla Classic
EX1_612 Kirin Tor Mage Classic
NEW1_019 Knife Juggler Classic
EX1_241 Lava Burst Classic
EX1_354 Lay on Hands Classic
EX1_116 Leeroy Jenkins Classic
EX1_029 Leper Gnome Classic
EX1_238 Lightning Bolt Classic
EX1_259 Lightning Storm Classic
EX1_335 Lightspawn Classic
EX1_001 Lightwarden Classic
EX1_341 Lightwell Classic
EX1_096 Loot Hoarder Classic
EX1_323 Lord Jaraxxus Classic
EX1_100 Lorewalker Cho Classic
EX1_082 Mad Bomber Classic
EX1_563 Malygos Classic
EX1_055 Mana Addict Classic
EX1_575 Mana Tide Totem Classic
EX1_616 Mana Wraith Classic
NEW1_012 Mana Wyrm Classic
EX1_155 Mark of Nature Classic
EX1_626 Mass Dispel Classic
NEW1_014 Master of Disguise Classic
NEW1_037 Master Swordsmith Classic
NEW1_029 Millhouse Manastorm Classic
EX1_085 Mind Control Tech Classic
EX1_345 Mindgames Classic
EX1_294 Mirror Entity Classic
EX1_533 Misdirection Classic
EX1_396 Mogu'shan Warden Classic
EX1_620 Molten Giant Classic
EX1_408 Mortal Strike Classic
EX1_105 Mountain Giant Classic
EX1_509 Murloc Tidecaller Classic
EX1_507 Murloc Warleader Classic
EX1_557 Nat Pagle Classic
EX1_161 Naturalize Classic
EX1_130 Noble Sacrifice Classic
EX1_164 Nourish Classic
EX1_560 Nozdormu Classic
EX1_562 Onyxia Classic
EX1_522 Patient Assassin Classic
EX1_133 Perdition's Blade Classic
EX1_076 Pint-Sized Summoner Classic
EX1_313 Pit Lord Classic
EX1_160 Power of the Wild Classic
EX1_316 Power Overwhelming Classic
EX1_145 Preparation Classic
EX1_583 Priestess of Elune Classic
EX1_350 Prophet Velen Classic
EX1_279 Pyroblast Classic
EX1_044 Questing Adventurer Classic
EX1_412 Raging Worgen Classic
EX1_298 Ragnaros the Firelord Classic
CS2_104 Rampage Classic
CS2_161 Ravenholdt Assassin Classic
EX1_136 Redemption Classic
EX1_379 Repentance Classic
EX1_578 Savagery Classic
EX1_534 Savannah Highmane Classic
EX1_020 Scarlet Crusader Classic
EX1_531 Scavenging Hyena Classic
EX1_586 Sea Giant Classic
EX1_080 Secretkeeper Classic
EX1_317 Sense Demons Classic
EX1_334 Shadow Madness Classic
EX1_303 Shadowflame Classic
EX1_625 Shadowform Classic
EX1_144 Shadowstep Classic
EX1_410 Shield Slam Classic
EX1_405 Shieldbearer Classic
EX1_134 SI:7 Agent Classic
EX1_332 Silence Classic
CS2_151 Silver Hand Knight Classic
EX1_023 Silvermoon Guardian Classic
EX1_309 Siphon Soul Classic
EX1_391 Slam Classic
EX1_554 Snake Trap Classic
EX1_609 Snipe Classic
EX1_608 Sorcerer's Apprentice Classic
EX1_158 Soul of the Forest Classic
NEW1_027 Southsea Captain Classic
CS2_146 Southsea Deckhand Classic
tt_010 Spellbender Classic
EX1_048 Spellbreaker Classic
CS2_221 Spiteful Smith Classic
NEW1_041 Stampeding Kodo Classic
NEW1_007 Starfall Classic
EX1_247 Stormforged Axe Classic
EX1_028 Stranglethorn Tiger Classic
EX1_315 Summoning Portal Classic
EX1_058 Sunfury Protector Classic
EX1_032 Sunwalker Classic
EX1_366 Sword of Justice Classic
EX1_016 Sylvanas Windrunner Classic
EX1_390 Tauren Warrior Classic
EX1_623 Temple Enforcer Classic
EX1_577 The Beast Classic
EX1_002 The Black Knight Classic
EX1_339 Thoughtsteal Classic
EX1_021 Thrallmar Farseer Classic
EX1_083 Tinkmaster Overspark Classic
EX1_383 Tirion Fordring Classic
EX1_043 Twilight Drake Classic
EX1_312 Twisting Nether Classic
EX1_258 Unbound Elemental Classic
EX1_538 Unleash the Hounds Classic
EX1_409 Upgrade! Classic
EX1_594 Vaporize Classic
CS2_227 Venture Co. Mercenary Classic
NEW1_026 Violet Teacher Classic
EX1_304 Void Terror Classic
NEW1_020 Wild Pyromancer Classic
EX1_033 Windfury Harpy Classic
CS2_231 Wisp Classic
EX1_010 Worgen Infiltrator Classic
EX1_154 Wrath Classic
CS2_169 Young Dragonhawk Classic
EX1_004 Young Priestess Classic
EX1_049 Youthful Brewmaster Classic
EX1_572 Ysera Classic
NEW1_016 Captain's Parrot Reward
EX1_062 Old Murk-Eye Reward
PRO_001 Elite Tauren Chieftain Promotion
EX1_112 Gelbin Mekkatorque Promotion
FP1_026 Anub'ar Ambusher Curse of Naxxramas
FP1_020 Avenge Curse of Naxxramas
FP1_031 Baron Rivendare Curse of Naxxramas
FP1_029 Dancing Swords Curse of Naxxramas
FP1_023 Dark Cultist Curse of Naxxramas
FP1_021 Death's Bite Curse of Naxxramas
FP1_009 Deathlord Curse of Naxxramas
FP1_018 Duplicate Curse of Naxxramas
FP1_003 Echoing Ooze Curse of Naxxramas
FP1_015 Feugen Curse of Naxxramas
FP1_002 Haunted Creeper Curse of Naxxramas
FP1_013 Kel'Thuzad Curse of Naxxramas
FP1_030 Loatheb Curse of Naxxramas
FP1_004 Mad Scientist Curse of Naxxramas
FP1_010 Maexxna Curse of Naxxramas
FP1_017 Nerub'ar Weblord Curse of Naxxramas
FP1_007 Nerubian Egg Curse of Naxxramas
FP1_019 Poison Seeds Curse of Naxxramas
FP1_025 Reincarnate Curse of Naxxramas
FP1_005 Shade of Naxxramas Curse of Naxxramas
FP1_012 Sludge Belcher Curse of Naxxramas
FP1_008 Spectral Knight Curse of Naxxramas
FP1_014 Stalagg Curse of Naxxramas
FP1_027 Stoneskin Gargoyle Curse of Naxxramas
FP1_028 Undertaker Curse of Naxxramas
FP1_024 Unstable Ghoul Curse of Naxxramas
FP1_022 Voidcaller Curse of Naxxramas
FP1_016 Wailing Soul Curse of Naxxramas
FP1_011 Webspinner Curse of Naxxramas
FP1_001 Zombie Chow Curse of Naxxramas
GVG_029 Ancestor's Call Goblins vs Gnomes
GVG_077 Anima Golem Goblins vs Gnomes
GVG_085 Annoy-o-Tron Goblins vs Gnomes
GVG_030 Anodized Robo Cub Goblins vs Gnomes
GVG_069 Antique Healbot Goblins vs Gnomes
GVG_091 Arcane Nullifier X-21 Goblins vs Gnomes
GVG_119 Blingtron 3000 Goblins vs Gnomes
GVG_063 Bolvar Fordragon Goblins vs Gnomes
GVG_099 Bomb Lobber Goblins vs Gnomes
GVG_050 Bouncing Blade Goblins vs Gnomes
GVG_068 Burly Rockjaw Trogg Goblins vs Gnomes
GVG_017 Call Pet Goblins vs Gnomes
GVG_121 Clockwork Giant Goblins vs Gnomes
GVG_082 Clockwork Gnome Goblins vs Gnomes
GVG_062 Cobalt Guardian Goblins vs Gnomes
GVG_073 Cobra Shot Goblins vs Gnomes
GVG_059 Coghammer Goblins vs Gnomes
GVG_013 Cogmaster Goblins vs Gnomes
GVG_024 Cogmaster's Wrench Goblins vs Gnomes
GVG_038 Crackle Goblins vs Gnomes
GVG_052 Crush Goblins vs Gnomes
GVG_041 Dark Wispers Goblins vs Gnomes
GVG_015 Darkbomb Goblins vs Gnomes
GVG_019 Demonheart Goblins vs Gnomes
GVG_110 Dr. Boom Goblins vs Gnomes
GVG_080 Druid of the Fang Goblins vs Gnomes
GVG_066 Dunemaul Shaman Goblins vs Gnomes
GVG_005 Echo of Medivh Goblins vs Gnomes
GVG_107 Enhance-o Mechano Goblins vs Gnomes
GVG_076 Explosive Sheep Goblins vs Gnomes
GVG_026 Feign Death Goblins vs Gnomes
GVG_020 Fel Cannon Goblins vs Gnomes
GVG_016 Fel Reaver Goblins vs Gnomes
GVG_007 Flame Leviathan Goblins vs Gnomes
GVG_001 Flamecannon Goblins vs Gnomes
GVG_100 Floating Watcher Goblins vs Gnomes
GVG_084 Flying Machine Goblins vs Gnomes
GVG_113 Foe Reaper 4000 Goblins vs Gnomes
GVG_079 Force-Tank MAX Goblins vs Gnomes
GVG_049 Gahz'rilla Goblins vs Gnomes
GVG_117 Gazlowe Goblins vs Gnomes
GVG_081 Gilblin Stalker Goblins vs Gnomes
GVG_043 Glaivezooka Goblins vs Gnomes
GVG_098 Gnomeregan Infantry Goblins vs Gnomes
GVG_092 Gnomish Experimenter Goblins vs Gnomes
GVG_023 Goblin Auto-Barber Goblins vs Gnomes
GVG_004 Goblin Blastmage Goblins vs Gnomes
GVG_095 Goblin Sapper Goblins vs Gnomes
GVG_032 Grove Tender Goblins vs Gnomes
GVG_120 Hemet Nesingwary Goblins vs Gnomes
GVG_104 Hobgoblin Goblins vs Gnomes
GVG_089 Illuminator Goblins vs Gnomes
GVG_045 Imp-losion Goblins vs Gnomes
GVG_056 Iron Juggernaut Goblins vs Gnomes
GVG_027 Iron Sensei Goblins vs Gnomes
GVG_094 Jeeves Goblins vs Gnomes
GVG_106 Junkbot Goblins vs Gnomes
GVG_074 Kezan Mystic Goblins vs Gnomes
GVG_046 King of Beasts Goblins vs Gnomes
GVG_012 Light of the Naaru Goblins vs Gnomes
GVG_008 Lightbomb Goblins vs Gnomes
GVG_097 Lil' Exorcist Goblins vs Gnomes
GVG_071 Lost Tallstrider Goblins vs Gnomes
GVG_090 Madder Bomber Goblins vs Gnomes
GVG_021 Mal'Ganis Goblins vs Gnomes
GVG_035 Malorne Goblins vs Gnomes
GVG_034 Mech-Bear-Cat Goblins vs Gnomes
GVG_078 Mechanical Yeti Goblins vs Gnomes
GVG_006 Mechwarper Goblins vs Gnomes
GVG_116 Mekgineer Thermaplugg Goblins vs Gnomes
GVG_048 Metaltooth Leaper Goblins vs Gnomes
GVG_103 Micro Machine Goblins vs Gnomes
GVG_111 Mimiron's Head Goblins vs Gnomes
GVG_109 Mini-Mage Goblins vs Gnomes
GVG_018 Mistress of Pain Goblins vs Gnomes
GVG_112 Mogor the Ogre Goblins vs Gnomes
GVG_061 Muster for Battle Goblins vs Gnomes
GVG_042 Neptulon Goblins vs Gnomes
GVG_065 Ogre Brute Goblins vs Gnomes
GVG_088 Ogre Ninja Goblins vs Gnomes
GVG_054 Ogre Warmaul Goblins vs Gnomes
GVG_025 One-eyed Cheat Goblins vs Gnomes
GVG_096 Piloted Shredder Goblins vs Gnomes
GVG_105 Piloted Sky Golem Goblins vs Gnomes
GVG_036 Powermace Goblins vs Gnomes
GVG_064 Puddlestomper Goblins vs Gnomes
GVG_060 Quartermaster Goblins vs Gnomes
GVG_108 Recombobulator Goblins vs Gnomes
GVG_031 Recycle Goblins vs Gnomes
GVG_047 Sabotage Goblins vs Gnomes
GVG_070 Salty Dog Goblins vs Gnomes
GVG_101 Scarlet Purifier Goblins vs Gnomes
GVG_055 Screwjank Clunker Goblins vs Gnomes
GVG_057 Seal of Light Goblins vs Gnomes
GVG_009 Shadowbomber Goblins vs Gnomes
GVG_072 Shadowboxer Goblins vs Gnomes
GVG_058 Shielded Minibot Goblins vs Gnomes
GVG_053 Shieldmaiden Goblins vs Gnomes
GVG_075 Ship's Cannon Goblins vs Gnomes
GVG_011 Shrinkmeister Goblins vs Gnomes
GVG_086 Siege Engine Goblins vs Gnomes
GVG_040 Siltfin Spiritwalker Goblins vs Gnomes
GVG_114 Sneed's Old Shredder Goblins vs Gnomes
GVG_002 Snowchugger Goblins vs Gnomes
GVG_123 Soot Spewer Goblins vs Gnomes
GVG_044 Spider Tank Goblins vs Gnomes
GVG_087 Steamwheedle Sniper Goblins vs Gnomes
GVG_067 Stonesplinter Trogg Goblins vs Gnomes
GVG_093 Target Dummy Goblins vs Gnomes
GVG_022 Tinker's Sharpsword Oil Goblins vs Gnomes
GVG_102 Tinkertown Technician Goblins vs Gnomes
GVG_115 Toshley Goblins vs Gnomes
GVG_028 Trade Prince Gallywix Goblins vs Gnomes
GVG_033 Tree of Life Goblins vs Gnomes
GVG_118 Troggzor the Earthinator Goblins vs Gnomes
GVG_003 Unstable Portal Goblins vs Gnomes
GVG_083 Upgraded Repair Bot Goblins vs Gnomes
GVG_010 Velen's Chosen Goblins vs Gnomes
GVG_039 Vitality Totem Goblins vs Gnomes
GVG_014 Vol'jin Goblins vs Gnomes
GVG_051 Warbot Goblins vs Gnomes
GVG_122 Wee Spellstopper Goblins vs Gnomes
GVG_037 Whirling Zap-o-matic Goblins vs Gnomes
AT_063 Acidmaw The Grand Tournament
AT_071 Alexstrasza's Champion The Grand Tournament
AT_053 Ancestral Knowledge The Grand Tournament
AT_036 Anub'arak The Grand Tournament
AT_004 Arcane Blast The Grand Tournament
AT_087 Argent Horserider The Grand Tournament
AT_077 Argent Lance The Grand Tournament
AT_109 Argent Watchman The Grand Tournament
AT_108 Armored Warhorse The Grand Tournament
AT_043 Astral Communion The Grand Tournament
AT_045 Aviana The Grand Tournament
AT_062 Ball of Spiders The Grand Tournament
AT_064 Bash The Grand Tournament
AT_060 Bear Trap The Grand Tournament
AT_035 Beneath the Grounds The Grand Tournament
AT_124 Bolf Ramshield The Grand Tournament
AT_068 Bolster The Grand Tournament
AT_089 Boneguard Lieutenant The Grand Tournament
AT_059 Brave Archer The Grand Tournament
AT_029 Buccaneer The Grand Tournament
AT_033 Burgle The Grand Tournament
AT_102 Captured Jormungar The Grand Tournament
AT_050 Charged Hammer The Grand Tournament
AT_123 Chillmaw The Grand Tournament
AT_096 Clockwork Knight The Grand Tournament
AT_008 Coldarra Drake The Grand Tournament
AT_110 Coliseum Manager The Grand Tournament
AT_073 Competitive Spirit The Grand Tournament
AT_018 Confessor Paletress The Grand Tournament
AT_016 Confuse The Grand Tournament
AT_015 Convert The Grand Tournament
AT_121 Crowd Favorite The Grand Tournament
AT_031 Cutpurse The Grand Tournament
AT_006 Dalaran Aspirant The Grand Tournament
AT_025 Dark Bargain The Grand Tournament
AT_038 Darnassus Aspirant The Grand Tournament
AT_024 Demonfuse The Grand Tournament
AT_047 Draenei Totemcarver The Grand Tournament
AT_083 Dragonhawk Rider The Grand Tournament
AT_063t Dreadscale The Grand Tournament
AT_019 Dreadsteed The Grand Tournament
AT_042 Druid of the Saber The Grand Tournament
AT_081 Eadric the Pure The Grand Tournament
AT_002 Effigy The Grand Tournament
AT_051 Elemental Destruction The Grand Tournament
AT_078 Enter the Coliseum The Grand Tournament
AT_114 Evil Heckler The Grand Tournament
AT_131 Eydis Darkbane The Grand Tournament
AT_003 Fallen Hero The Grand Tournament
AT_020 Fearsome Doomguard The Grand Tournament
AT_115 Fencing Coach The Grand Tournament
AT_022 Fist of Jaraxxus The Grand Tournament
AT_129 Fjola Lightbane The Grand Tournament
AT_094 Flame Juggler The Grand Tournament
AT_001 Flame Lance The Grand Tournament
AT_055 Flash Heal The Grand Tournament
AT_093 Frigid Snobold The Grand Tournament
AT_120 Frost Giant The Grand Tournament
AT_133 Gadgetzan Jouster The Grand Tournament
AT_080 Garrison Commander The Grand Tournament
AT_122 Gormok the Impaler The Grand Tournament
AT_118 Grand Crusader The Grand Tournament
AT_048 Healing Wave The Grand Tournament
AT_011 Holy Champion The Grand Tournament
AT_092 Ice Rager The Grand Tournament
AT_125 Icehowl The Grand Tournament
AT_105 Injured Kvaldir The Grand Tournament
AT_132 Justicar Trueheart The Grand Tournament
AT_065 King's Defender The Grand Tournament
AT_058 King's Elekk The Grand Tournament
AT_041 Knight of the Wild The Grand Tournament
AT_099 Kodorider The Grand Tournament
AT_119 Kvaldir Raider The Grand Tournament
AT_084 Lance Carrier The Grand Tournament
AT_106 Light's Champion The Grand Tournament
AT_037 Living Roots The Grand Tournament
AT_061 Lock and Load The Grand Tournament
AT_082 Lowly Squire The Grand Tournament
AT_067 Magnataur Alpha The Grand Tournament
AT_085 Maiden of the Lake The Grand Tournament
AT_112 Master Jouster The Grand Tournament
AT_117 Master of Ceremonies The Grand Tournament
AT_088 Mogor's Champion The Grand Tournament
AT_090 Mukla's Champion The Grand Tournament
AT_044 Mulch The Grand Tournament
AT_076 Murloc Knight The Grand Tournament
AT_079 Mysterious Challenger The Grand Tournament
AT_127 Nexus-Champion Saraad The Grand Tournament
AT_103 North Sea Kraken The Grand Tournament
AT_066 Orgrimmar Aspirant The Grand Tournament
AT_101 Pit Fighter The Grand Tournament
AT_034 Poisoned Blade The Grand Tournament
AT_005 Polymorph: Boar The Grand Tournament
AT_013 Power Word: Glory The Grand Tournament
AT_056 Powershot The Grand Tournament
AT_010 Ram Wrangler The Grand Tournament
AT_113 Recruiter The Grand Tournament
AT_111 Refreshment Vendor The Grand Tournament
AT_009 Rhonin The Grand Tournament
AT_086 Saboteur The Grand Tournament
AT_039 Savage Combatant The Grand Tournament
AT_130 Sea Reaver The Grand Tournament
AT_074 Seal of Champions The Grand Tournament
AT_028 Shado-Pan Rider The Grand Tournament
AT_014 Shadowfiend The Grand Tournament
AT_032 Shady Dealer The Grand Tournament
AT_098 Sideshow Spelleater The Grand Tournament
AT_095 Silent Knight The Grand Tournament
AT_100 Silver Hand Regent The Grand Tournament
AT_070 Skycap'n Kragg The Grand Tournament
AT_069 Sparring Partner The Grand Tournament
AT_012 Spawn of Shadows The Grand Tournament
AT_007 Spellslinger The Grand Tournament
AT_057 Stablemaster The Grand Tournament
AT_054 The Mistcaller The Grand Tournament
AT_128 The Skeleton Knight The Grand Tournament
AT_049 Thunder Bluff Valiant The Grand Tournament
AT_021 Tiny Knight of Evil The Grand Tournament
AT_052 Totem Golem The Grand Tournament
AT_097 Tournament Attendee The Grand Tournament
AT_091 Tournament Medic The Grand Tournament
AT_104 Tuskarr Jouster The Grand Tournament
AT_046 Tuskarr Totemic The Grand Tournament
AT_017 Twilight Guardian The Grand Tournament
AT_030 Undercity Valiant The Grand Tournament
AT_072 Varian Wrynn The Grand Tournament
AT_023 Void Crusher The Grand Tournament
AT_075 Warhorse Trainer The Grand Tournament
AT_040 Wildwalker The Grand Tournament
AT_027 Wilfred Fizzlebang The Grand Tournament
AT_026 Wrathguard The Grand Tournament
AT_116 Wyrmrest Agent The Grand Tournament
Blackrock Mountain: 31
League of Explorers: 45
Basic: 133
Classic: 245
Reward: 2
Promotion: 2
Curse of Naxxramas: 30
Goblins vs Gnomes: 123
The Grand Tournament: 132
